<?xml version="1.0" encoding="UTF-8"?>
<!-- Generated by org.testng.reporters.JUnitXMLReporter -->
<testsuite hostname="ip-172-31-70-54" ignored="0" name="Test" tests="1" failures="1" timestamp="2021-06-27T06:35:31 UTC" time="2.225" errors="0">
  <testcase name="testcase1" time="0.01" classname="test.ProductSelectionTest">
    <failure type="java.lang.NullPointerException">
      <![CDATA[java.lang.NullPointerException
at pages.LoginPage.Login(LoginPage.java:50)
at test.ProductSelectionTest.testcase1(ProductSelectionTest.java:22)
at java.util.ArrayList.forEach(ArrayList.java:1259)
... Removed 27 stack frames]]>
    </failure>
  </testcase> <!-- testcase1 -->
</testsuite> <!-- Test -->
